2025-09-14T13:10:09Z,storspiller.com,1757855381,1757855381,0,0,"",
2025-09-14T13:10:09Z,storspiller.com,1757855381,1757855381,0,0,"",
2025-09-14T13:11:34Z,www.pinepaymentsolutions.com,1757855463,1757855463,363,200,"",http
2025-09-14T13:12:15Z,techcos.ltd2.nextcloud.com,1757855505,1757855505,0,502,"",http
2025-09-14T13:12:18Z,rapydtoau10tix.rapyd.net,1757596482,1757855507,0,0,"",
2025-09-14T13:12:50Z,preview-proxy-bc-test.preview-env.backend-capital.com,1757430379,1757855547,0,0,"",
2025-09-14T13:12:55Z,api-mr225.s-meets-test.s-cloud.fi,1757855558,1757855558,0,403,"",https
2025-09-14T13:14:04Z,rabbitmq.ref.env.cc.toom.de,1757855620,1757855620,0,200,"",http
2025-09-14T13:14:59Z,admin.dev.atlas.ripe.net,1757855687,1757855687,6,0,"",
2025-09-14T13:17:04Z,dataservices-internal.argocd.global.mozgcp.net,1757855789,1757855789,0,0,"",
2025-09-14T13:17:06Z,assets.nflxext.com,1757403422,1757855801,0,200,"",http
2025-09-14T13:17:06Z,games.nflxext.com,1757403422,1757855801,0,0,"",
2025-09-14T13:17:06Z,assets.nflxext.com,1757403422,1757855801,0,200,"",http
2025-09-14T13:17:06Z,dnm.nflximg.net,1757403422,1757855801,0,404,"404 Not Found",http
2025-09-14T13:17:06Z,help.nflxext.com,1757403422,1757855801,0,200,"",http
2025-09-14T13:17:07Z,scdn.nflximg.net,1757403422,1757855801,0,404,"",http
2025-09-14T13:17:14Z,assets.nflxext.com,1757403422,1757855803,0,200,"",http
2025-09-14T13:17:14Z,games.nflxext.com,1757403422,1757855803,0,0,"",
2025-09-14T13:17:14Z,assets.nflxext.com,1757403422,1757855803,0,200,"",http
2025-09-14T13:17:15Z,dnm.nflximg.net,1757403422,1757855803,0,404,"404 Not Found",http
2025-09-14T13:17:15Z,help.nflxext.com,1757403422,1757855803,0,200,"",http
2025-09-14T13:17:15Z,scdn.nflximg.net,1757403422,1757855803,0,404,"",http
2025-09-14T13:18:45Z,goudencross.hln.be,1757855915,1757855915,3,200,"De Gouden Cross",http
2025-09-14T13:19:18Z,goudencross.hln.be,1757855915,1757855929,3,200,"De Gouden Cross",http
2025-09-14T13:20:45Z,chrysalis-devnet.11.security.care,1757856043,1757856043,0,200,"security.care&nbsp;-&nbsp;This website is for sale!&nbsp;-&nbsp;security Resources and Information.",http
2025-09-14T13:20:50Z,chnm-devnet.1.security.care,1757856042,1757856042,0,200,"security.care&nbsp;-&nbsp;This website is for sale!&nbsp;-&nbsp;security Resources and Information.",http
2025-09-14T13:21:46Z,chost.1.security.care,1757856072,1757856072,0,200,"security.care&nbsp;-&nbsp;This website is for sale!&nbsp;-&nbsp;security Resources and Information.",http
2025-09-14T13:21:48Z,chostbeta.1.security.care,1757856072,1757856072,0,200,"security.care&nbsp;-&nbsp;This website is for sale!&nbsp;-&nbsp;security Resources and Information.",http
2025-09-14T13:21:50Z,client-build.optimizely.com,1757856072,1757856072,0,200,"",https
2025-09-14T13:23:09Z,staging-share.newrelic.com,1757856174,1757856174,0,403,"Attention Required! | Cloudflare",http
2025-09-14T13:25:02Z,centro.prod.nube.tech,1757856275,1757856275,0,200,"Authentication - Login portal",http
2025-09-14T13:27:05Z,service.nr-ops.net,1757856392,1757856392,0,0,"",
2025-09-14T13:27:15Z,staging-service.nr-ops.net,1757473622,1757856392,0,0,"",
2025-09-14T13:27:15Z,test-little-sunshine.cell.us.nr-ops.net,1757856392,1757856392,0,0,"",
2025-09-14T13:27:15Z,vip.cf.nr-ops.net,1757473622,1757856392,0,0,"",
2025-09-14T13:30:45Z,smt-webhooks.semrush.com,1757856614,1757856614,0,500,"500 Internal Server Error",http
2025-09-14T13:32:23Z,smc.prod.internal.smc.certinia.com,1757856730,1757856730,0,200,"Subscriber Management Console",http
2025-09-14T13:34:32Z,confluence.staging.internal.certinia.com,1757856849,1757856849,0,200,"Sign in ・ Cloudflare Access",http
2025-09-14T13:34:38Z,email.talent.unity.com,1757856843,1757856843,0,404,"",http
2025-09-14T13:34:52Z,dehub.netgear.com,1757856854,1757856854,0,403,"403 Forbidden",http
2025-09-14T13:34:52Z,dehub.netgear.com,1757856854,1757856854,0,403,"403 Forbidden",http
2025-09-14T13:36:18Z,partnernews.okta.com,1757856960,1757856960,0,200,"Login",http
2025-09-14T13:41:47Z,forbonline.08.security.care,1757857294,1757857294,0,200,"security.care&nbsp;-&nbsp;This website is for sale!&nbsp;-&nbsp;security Resources and Information.",http
2025-09-14T13:41:57Z,assistance.irobot.fr,1757857296,1757857296,0,200,"Rechercher des réponses | iRobot",http
2025-09-14T13:42:12Z,vde-verlag.ltd3.nextcloud.com,1757857298,1757857298,0,200,"Login – Nextcloud",http
2025-09-14T13:43:39Z,worker-ui.ethane.aws.neon.build,1757857398,1757857398,0,0,"",
2025-09-14T13:45:20Z,alertmanager.rpki.ripe.net,1757857503,1757857503,12,0,"",
2025-09-14T13:45:22Z,pulsar-gcp-useast1.dev.streaming.datastax.com,1757478308,1757857505,0,0,"",
2025-09-14T13:45:22Z,pulsar-gcp-useast1.private.dev.streaming.datastax.com,1757478308,1757857505,0,0,"",
2025-09-14T13:46:01Z,assets.nflxext.com,1757403422,1757857545,0,200,"",http
2025-09-14T13:46:01Z,games.nflxext.com,1757403422,1757857545,0,0,"",
2025-09-14T13:46:01Z,assets.nflxext.com,1757403422,1757857545,0,200,"",http
2025-09-14T13:46:02Z,dnm.nflximg.net,1757403422,1757857545,0,404,"404 Not Found",http
2025-09-14T13:46:02Z,help.nflxext.com,1757403422,1757857545,0,200,"",http
2025-09-14T13:46:02Z,scdn.nflximg.net,1757403422,1757857545,0,404,"",http
2025-09-14T13:46:18Z,aws.ap-south-1.transformations.fivetran.com,1757857547,1757857547,0,404,"404 Not Found",https
2025-09-14T13:46:24Z,prod.aws.ap-south-1.transformations.fivetran.com,1757857547,1757857547,0,404,"404 Not Found",https
2025-09-14T13:47:52Z,assets.nflxext.com,1757403422,1757857662,0,200,"",http
2025-09-14T13:47:52Z,games.nflxext.com,1757403422,1757857662,0,0,"",
2025-09-14T13:47:52Z,assets.nflxext.com,1757403422,1757857662,0,200,"",http
2025-09-14T13:47:52Z,dnm.nflximg.net,1757403422,1757857662,0,404,"404 Not Found",http
2025-09-14T13:47:52Z,help.nflxext.com,1757403422,1757857662,0,200,"",http
2025-09-14T13:47:53Z,scdn.nflximg.net,1757403422,1757857662,0,404,"",http
2025-09-14T13:47:53Z,assets.nflxext.com,1757403422,1757857662,0,200,"",http
2025-09-14T13:47:53Z,games.nflxext.com,1757403422,1757857662,0,0,"",
2025-09-14T13:47:53Z,assets.nflxext.com,1757403422,1757857662,0,200,"",http
2025-09-14T13:47:53Z,dnm.nflximg.net,1757403422,1757857662,0,404,"404 Not Found",http
2025-09-14T13:47:53Z,help.nflxext.com,1757403422,1757857662,0,200,"",http
2025-09-14T13:47:53Z,scdn.nflximg.net,1757403422,1757857662,0,404,"",http
2025-09-14T13:47:53Z,assets.nflxext.com,1757403422,1757857662,0,200,"",http
2025-09-14T13:47:53Z,games.nflxext.com,1757403422,1757857662,0,0,"",
2025-09-14T13:47:53Z,assets.nflxext.com,1757403422,1757857662,0,200,"",http
2025-09-14T13:47:54Z,dnm.nflximg.net,1757403422,1757857662,0,404,"404 Not Found",http
2025-09-14T13:47:54Z,help.nflxext.com,1757403422,1757857662,0,200,"",http
2025-09-14T13:47:54Z,scdn.nflximg.net,1757403422,1757857662,0,404,"",http
2025-09-14T13:47:55Z,assets.nflxext.com,1757403422,1757857662,0,200,"",http
2025-09-14T13:47:55Z,games.nflxext.com,1757403422,1757857662,0,0,"",
2025-09-14T13:47:55Z,assets.nflxext.com,1757403422,1757857662,0,200,"",http
2025-09-14T13:47:55Z,dnm.nflximg.net,1757403422,1757857662,0,404,"404 Not Found",http
2025-09-14T13:47:55Z,help.nflxext.com,1757403422,1757857662,0,200,"",http
2025-09-14T13:47:55Z,scdn.nflximg.net,1757403422,1757857662,0,404,"",http
2025-09-14T13:47:59Z,assets.nflxext.com,1757403422,1757857663,0,200,"",http
2025-09-14T13:47:59Z,games.nflxext.com,1757403422,1757857663,0,0,"",
2025-09-14T13:47:59Z,assets.nflxext.com,1757403422,1757857663,0,200,"",http
2025-09-14T13:47:59Z,dnm.nflximg.net,1757403422,1757857663,0,404,"404 Not Found",http
2025-09-14T13:47:59Z,help.nflxext.com,1757403422,1757857663,0,200,"",http
2025-09-14T13:47:59Z,scdn.nflximg.net,1757403422,1757857663,0,404,"",http
2025-09-14T13:47:59Z,assets.nflxext.com,1757403422,1757857664,0,200,"",http
2025-09-14T13:47:59Z,games.nflxext.com,1757403422,1757857664,0,0,"",
2025-09-14T13:47:59Z,assets.nflxext.com,1757403422,1757857664,0,200,"",http
2025-09-14T13:48:00Z,dnm.nflximg.net,1757403422,1757857664,0,404,"404 Not Found",http
2025-09-14T13:48:00Z,help.nflxext.com,1757403422,1757857664,0,200,"",http
2025-09-14T13:48:00Z,scdn.nflximg.net,1757403422,1757857664,0,404,"",http
2025-09-14T13:48:06Z,bathandbodyworks.instacart.com,1757857665,1757857665,2,200,"Bath &amp; Body Works Delivery Near Me | Bath &amp; Body Works",http
2025-09-14T13:52:18Z,aws.us-gov-west-1.transformations.fivetran.com,1757857907,1757857907,0,404,"404 Not Found",https
2025-09-14T13:52:24Z,prod.aws.us-gov-west-1.transformations.fivetran.com,1757857907,1757857907,0,404,"404 Not Found",https
2025-09-14T13:54:10Z,preferences.epam.com,1757858018,1757858018,0,403,"Just a moment...",http
2025-09-14T13:56:00Z,ns2.pt-lis.authdns.ripe.net,1757858128,1757858128,12,0,"",
2025-09-14T14:01:50Z,ris-whois15.ripe.net,1757858475,1757858475,12,0,"",
2025-09-14T14:03:08Z,stage.glam.nonprod.dataservices.mozgcp.net,1757858578,1757858578,0,200,"GLAM: Glean Aggregated Metrics Explorer",http
2025-09-14T14:03:15Z,invisalign.2.security.care,1757858580,1757858580,0,200,"security.care&nbsp;-&nbsp;This website is for sale!&nbsp;-&nbsp;security Resources and Information.",http
2025-09-14T14:03:27Z,master-data-backend.mi.backend-capital.com,1757858579,1757858579,0,0,"",
2025-09-14T14:03:27Z,comet-qat.apps.monash.edu,1757858587,1757858587,0,503,"",http
2025-09-14T14:03:28Z,www.comet-qat.apps.monash.edu,1757858587,1757858587,0,0,"",
2025-09-14T14:03:47Z,claim-backend.live.lionfish.platform.otto.de,1757858590,1757858590,0,401,"",https
2025-09-14T14:05:34Z,staging.helix.monash.edu,1757858698,1757858698,0,403,"403 - Forbidden: Access is denied.",http
2025-09-14T14:05:34Z,www.staging.helix.monash.edu,1757858698,1757858698,0,0,"",
2025-09-14T14:05:36Z,staging.helix.monash.edu,1757858698,1757858698,0,403,"403 - Forbidden: Access is denied.",http
2025-09-14T14:05:36Z,www.staging.helix.monash.edu,1757858698,1757858698,0,0,"",
2025-09-14T14:06:46Z,staging.helix.monash.edu,1757858698,1757858800,0,403,"403 - Forbidden: Access is denied.",http
2025-09-14T14:06:46Z,www.staging.helix.monash.edu,1757858698,1757858800,0,0,"",
2025-09-14T14:06:48Z,explorer-stage.monash.edu,1757858801,1757858801,0,200,"Monash Explorer",http
2025-09-14T14:06:48Z,www.explorer-stage.monash.edu,1757858801,1757858801,0,0,"",
2025-09-14T14:06:50Z,bridges.eng.monash.edu,1757858801,1757858801,0,503,"",http
2025-09-14T14:06:52Z,bridges.eng.monash.edu,1757858801,1757858801,0,503,"",http
2025-09-14T14:06:53Z,handover-backend.bpd.monash.edu,1757858801,1757858801,0,200,"",http
2025-09-14T14:06:55Z,handover-backend.bpd.monash.edu,1757858801,1757858801,0,200,"",http
2025-09-14T14:06:55Z,monitoring.omni.clickstream.bi.otto.de,1757858802,1757858802,0,200,"Grafana",https
2025-09-14T14:06:58Z,handover.bpd.monash.edu,1757858804,1757858804,0,404,"",http
2025-09-14T14:07:04Z,ecosim.infotech.monash.edu,1757858804,1757858804,0,200,"",http
2025-09-14T14:07:06Z,ecosim.infotech.monash.edu,1757858804,1757858804,0,200,"",http
2025-09-14T14:07:16Z,esol-unicrm-jenkins.mpc.monash.edu,1757858805,1757858805,0,0,"",
2025-09-14T14:07:16Z,esolunicrmjenkins.mpc.monash.edu,1757858805,1757858805,0,0,"",
2025-09-14T14:07:26Z,esol-unicrm-jenkins.mpc.monash.edu,1757858805,1757858805,0,0,"",
2025-09-14T14:07:26Z,esolunicrmjenkins.mpc.monash.edu,1757858805,1757858805,0,0,"",
2025-09-14T14:07:27Z,handover.bpd.monash.edu,1757858804,1757858804,0,404,"",http
2025-09-14T14:07:27Z,handover.bpd.monash.edu,1757858804,1757858804,0,404,"",http
2025-09-14T14:07:29Z,bridges.eng.monash.edu,1757858801,1757858805,0,503,"",http
2025-09-14T14:07:30Z,staging.helix.monash.edu,1757858698,1757858806,0,403,"403 - Forbidden: Access is denied.",http
2025-09-14T14:07:30Z,www.staging.helix.monash.edu,1757858698,1757858806,0,0,"",
2025-09-14T14:07:32Z,explorer-stage.monash.edu,1757858801,1757858806,0,200,"Monash Explorer",http
2025-09-14T14:07:32Z,www.explorer-stage.monash.edu,1757858801,1757858806,0,0,"",
2025-09-14T14:07:33Z,handover.bpd.monash.edu,1757858804,1757858807,0,404,"",http
2025-09-14T14:08:43Z,vm-cf.latam-br.saea1.aws.indriverapp.com,1757858918,1757858918,0,401,"",http
2025-09-14T14:08:53Z,vm.latam-br.saea1.aws.indriverapp.com,1757858918,1757858918,0,0,"",
2025-09-14T14:09:08Z,vm-cf.latam-pe.saea1.aws.indriverapp.com,1757858935,1757858935,0,401,"",http
2025-09-14T14:09:18Z,vm.latam-pe.saea1.aws.indriverapp.com,1757858935,1757858935,0,0,"",
2025-09-14T14:09:20Z,redress.helix.monash.edu,1757858936,1757858936,0,200,"DRS",http
2025-09-14T14:09:22Z,www.redress.helix.monash.edu,1757858936,1757858936,0,404,"Not Found",http
2025-09-14T14:09:28Z,ie.infotech.monash.edu,1757858937,1757858937,0,200,"Monash FIT IE Expo",http
2025-09-14T14:09:31Z,pgie.infotech.monash.edu,1757858937,1757858937,0,200,"Monash FIT Postgraduate Industry Experience Program",http
2025-09-14T14:10:44Z,reporting.mbi.monash.edu,1757859041,1757859041,0,403,"",http
2025-09-14T14:11:13Z,redress.helix.monash.edu,1757858936,1757859046,0,200,"DRS",http
2025-09-14T14:11:14Z,www.redress.helix.monash.edu,1757858936,1757859046,0,404,"Not Found",http
2025-09-14T14:11:16Z,reporting.mbi.monash.edu,1757859041,1757859046,0,403,"",http
2025-09-14T14:11:17Z,makerspace.eng.monash.edu,1757859045,1757859045,0,503,"",http
2025-09-14T14:11:19Z,ie.infotech.monash.edu,1757858937,1757859047,0,200,"Monash FIT IE Expo",http
2025-09-14T14:11:22Z,pgie.infotech.monash.edu,1757858937,1757859047,0,200,"Monash FIT Postgraduate Industry Experience Program",http
2025-09-14T14:12:31Z,simple-climate-model.monash.edu,1757859146,1757859146,0,200,"The Monash University Simple Climate Model",http
2025-09-14T14:13:01Z,mobile.ninjakiwi.com,1757859154,1757859154,0,200,"Ninja Kiwi",http
2025-09-14T14:13:04Z,stg.eu.jbl.com,1757859155,1757859155,12,401,"401 - Authorization Required.",http
2025-09-14T14:16:41Z,extmon.skroutz.gr,1757859378,1757859378,0,403,"403 Forbidden",http
2025-09-14T14:16:50Z,extmon.skroutz.gr,1757859378,1757859383,0,403,"403 Forbidden",http
2025-09-14T14:16:59Z,o11y-prod.oci.infra8.8x8cloud.net,1757859394,1757859394,0,0,"",
2025-09-14T14:19:27Z,appsflyer-events.vimeo.com,1757859528,1757859528,0,405,"",https
2025-09-14T14:19:27Z,player-telemetry.vimeo.com,1757859528,1757859528,0,405,"",https
2025-09-14T14:20:35Z,outline.incubateur.net,1757859630,1757859630,3,200,"Outline",http
2025-09-14T14:21:04Z,asset-cloud-storage-abstraction.amc.stg.transformation.unity.com,1757859635,1757859635,0,403,"403 Forbidden",https
2025-09-14T14:21:21Z,chnm-devnet.1.security.care,1757856042,1757859627,0,200,"security.care&nbsp;-&nbsp;This website is for sale!&nbsp;-&nbsp;security Resources and Information.",http
2025-09-14T14:22:40Z,dinners-no-v1.staging.nube.tech,1757859749,1757859749,0,200,"Authentication - Login portal",http
2025-09-14T14:24:45Z,p.facebook.com,1757468734,1757859858,83,200,"Error",http
2025-09-14T14:24:46Z,p.facebook.com,1757468734,1757859858,83,200,"Error",http
2025-09-14T14:24:52Z,node73-eu.n0c.com,1757859859,1757859859,12,200,"PlanetHoster - Page par défaut",http
2025-09-14T14:25:01Z,smc.prod.internal.smc.certinia.com,1757856730,1757859864,0,200,"Subscriber Management Console",http
2025-09-14T14:28:17Z,naturalgrocers.instacart.com,1757860077,1757860077,2,200,"Natural Grocers Powered by Instacart",http
2025-09-14T14:31:56Z,assets.nflxext.com,1757403422,1757860308,0,200,"",http
2025-09-14T14:31:56Z,games.nflxext.com,1757403422,1757860308,0,0,"",
2025-09-14T14:31:56Z,assets.nflxext.com,1757403422,1757860308,0,200,"",http
2025-09-14T14:31:56Z,dnm.nflximg.net,1757403422,1757860308,0,404,"404 Not Found",http
2025-09-14T14:31:57Z,help.nflxext.com,1757403422,1757860308,0,200,"",http
2025-09-14T14:31:57Z,scdn.nflximg.net,1757403422,1757860308,0,404,"",http
2025-09-14T14:32:02Z,assets.nflxext.com,1757403422,1757860310,0,200,"",http
2025-09-14T14:32:02Z,games.nflxext.com,1757403422,1757860310,0,0,"",
2025-09-14T14:32:02Z,assets.nflxext.com,1757403422,1757860310,0,200,"",http
2025-09-14T14:32:02Z,dnm.nflximg.net,1757403422,1757860310,0,404,"404 Not Found",http
2025-09-14T14:32:02Z,help.nflxext.com,1757403422,1757860310,0,200,"",http
2025-09-14T14:32:02Z,scdn.nflximg.net,1757403422,1757860310,0,404,"",http
2025-09-14T14:32:03Z,assets.nflxext.com,1757403422,1757860310,0,200,"",http
2025-09-14T14:32:03Z,games.nflxext.com,1757403422,1757860310,0,0,"",
2025-09-14T14:32:03Z,assets.nflxext.com,1757403422,1757860310,0,200,"",http
2025-09-14T14:32:03Z,dnm.nflximg.net,1757403422,1757860310,0,404,"404 Not Found",http
2025-09-14T14:32:03Z,help.nflxext.com,1757403422,1757860310,0,200,"",http
2025-09-14T14:32:03Z,scdn.nflximg.net,1757403422,1757860310,0,404,"",http
2025-09-14T14:32:16Z,assets.nflxext.com,1757403422,1757860313,0,200,"",http
2025-09-14T14:32:16Z,games.nflxext.com,1757403422,1757860313,0,0,"",
2025-09-14T14:32:17Z,assets.nflxext.com,1757403422,1757860313,0,200,"",http
2025-09-14T14:32:17Z,dnm.nflximg.net,1757403422,1757860313,0,404,"404 Not Found",http
2025-09-14T14:32:17Z,help.nflxext.com,1757403422,1757860313,0,200,"",http
2025-09-14T14:32:17Z,scdn.nflximg.net,1757403422,1757860313,0,404,"",http
2025-09-14T14:39:07Z,stage.epam.com,1757860737,1757860737,0,0,"",
2025-09-14T14:39:08Z,ztna.stage.epam.com,1757860737,1757860737,0,403,"Attention Required! | Cloudflare",http
2025-09-14T14:39:16Z,hc-kindlyfitcamel-eu.n0c.com,1757860738,1757860738,12,200,"PlanetHoster - Page par défaut",http
2025-09-14T14:39:30Z,hc-kindlyfitcamel-eu.n0c.com,1757860738,1757860742,12,200,"PlanetHoster - Page par défaut",http
2025-09-14T14:40:55Z,18tage.bild.de,1757860842,1757860842,0,404,"404 Seite nicht gefunden",http
2025-09-14T14:46:26Z,node11-eu.n0c.com,1757861172,1757861172,12,200,"PlanetHoster - Page par défaut",http
2025-09-14T14:46:39Z,assets.nflxext.com,1757403422,1757861188,0,200,"",http
2025-09-14T14:46:39Z,games.nflxext.com,1757403422,1757861188,0,0,"",
2025-09-14T14:46:39Z,assets.nflxext.com,1757403422,1757861188,0,200,"",http
2025-09-14T14:46:40Z,dnm.nflximg.net,1757403422,1757861188,0,404,"404 Not Found",http
2025-09-14T14:46:40Z,help.nflxext.com,1757403422,1757861188,0,200,"",http
2025-09-14T14:46:40Z,scdn.nflximg.net,1757403422,1757861188,0,404,"",http
2025-09-14T14:47:15Z,minio-console.compte-rendu-vif.beta.gouv.fr,1757861215,1757861215,0,200,"MinIO Console",http
2025-09-14T14:49:06Z,kom-together041224.event.sbb.ch,1757861327,1757861327,0,404,"Not Found",http
2025-09-14T14:49:08Z,www.kom-together041224.event.sbb.ch,1757861327,1757861327,0,404,"Not Found",http
2025-09-14T14:49:23Z,www.hubspot.com,1757861332,1757861332,0,200,"HubSpot | Software &amp; Tools for your Business - Homepage",http
2025-09-14T14:49:23Z,www.hubspot.com,1757861332,1757861332,0,200,"HubSpot | Software &amp; Tools for your Business - Homepage",http
2025-09-14T14:50:45Z,magiceden.io,1757540837,1757861432,0,200,"Magic Eden US NFT Marketplace: Collect, Buy, Sell &amp; Trade NFTs",http
2025-09-14T14:50:55Z,mainframe.magiceden.io,1757861432,1757861432,0,0,"",
2025-09-14T14:50:56Z,regression.q.security.care,1757861432,1757861432,0,200,"security.care&nbsp;-&nbsp;This website is for sale!&nbsp;-&nbsp;security Resources and Information.",http
2025-09-14T14:52:45Z,intgincoming.rapyd.net,1757861547,1757861547,0,403,"Attention Required! | Cloudflare",http
2025-09-14T14:54:35Z,stage.cloud.adobe.io,1757554015,1757861672,3,0,"",
2025-09-14T14:57:02Z,builds-dundee.ninjakiwi.com,1757861797,1757861797,0,200,"Sign in ・ Cloudflare Access",http
2025-09-14T15:02:36Z,assets.nflxext.com,1757403422,1757862129,0,200,"",http
2025-09-14T15:02:36Z,games.nflxext.com,1757403422,1757862129,0,0,"",
2025-09-14T15:02:36Z,assets.nflxext.com,1757403422,1757862129,0,200,"",http
2025-09-14T15:02:37Z,dnm.nflximg.net,1757403422,1757862129,0,404,"404 Not Found",http
2025-09-14T15:02:37Z,help.nflxext.com,1757403422,1757862129,0,200,"",http
2025-09-14T15:02:37Z,scdn.nflximg.net,1757403422,1757862129,0,404,"",http
2025-09-14T15:02:37Z,assets.nflxext.com,1757403422,1757862129,0,200,"",http
2025-09-14T15:02:37Z,games.nflxext.com,1757403422,1757862129,0,0,"",
2025-09-14T15:02:37Z,assets.nflxext.com,1757403422,1757862129,0,200,"",http
2025-09-14T15:02:38Z,dnm.nflximg.net,1757403422,1757862129,0,404,"404 Not Found",http
2025-09-14T15:02:38Z,help.nflxext.com,1757403422,1757862129,0,200,"",http
2025-09-14T15:02:38Z,scdn.nflximg.net,1757403422,1757862129,0,404,"",http
2025-09-14T15:03:59Z,link-se.shein.com,1757862226,1757862226,0,200,"Kläder för Kvinnor &amp; Män, Shoppa Mode Online | SHEIN",http
2025-09-14T15:04:32Z,node01.kafka.ris-test.ripe.net,1757862234,1757862234,12,0,"",
2025-09-14T15:07:36Z,dpe.sandbox.meraki.com,1757862452,1757862452,0,0,"",
2025-09-14T15:08:07Z,dpe.sandbox.meraki.com,1757862452,1757862457,0,0,"",
2025-09-14T15:09:32Z,jp-qa.ring.com,1757862558,1757862558,4,200,"",http
2025-09-14T15:09:34Z,dpe.sandbox.meraki.com,1757862452,1757862562,0,0,"",
2025-09-14T15:09:36Z,leaisyncweb.sbb.ch,1757862560,1757862560,0,200,"&#65279;",http
2025-09-14T15:09:36Z,jp-qa.ring.com,1757862558,1757862563,4,200,"",http
2025-09-14T15:10:03Z,meldlfi.sbb.ch,1757862574,1757862574,0,200,"&#65279;",http
2025-09-14T15:10:07Z,leaprinti.sbb.ch,1757862575,1757862575,0,200,"&#65279;",http
2025-09-14T15:10:14Z,jp-qa.ring.com,1757862558,1757862577,4,200,"",http
2025-09-14T15:11:27Z,status.bullish.com,1757862681,1757862681,0,200,"Bullish Status",http
2025-09-14T15:11:47Z,survey.arlo.com,1757862688,1757862688,0,404,"404 - File or directory not found.",http
2025-09-14T15:12:00Z,labellersapi.contentsquare.com,1757862687,1757862687,0,404,"",https
2025-09-14T15:12:06Z,status.bullish.com,1757862681,1757862690,0,200,"Bullish Status",http
2025-09-14T15:12:10Z,confluence.staging.internal.certinia.com,1757856849,1757862691,0,200,"Sign in ・ Cloudflare Access",http
2025-09-14T15:13:36Z,makostats-ing.general-prod-a.us-east-2.aws.k8s.sendgrid.net,1757862802,1757862802,0,0,"",
2025-09-14T15:14:04Z,cloud.newsletter.rockstargames.com,1757862809,1757862809,352,404,"404 - File or directory not found.",http
2025-09-14T15:17:39Z,persdienst.kuleuven.be,1757687665,1757863047,2,200,"KU Leuven",http
2025-09-14T15:17:49Z,assets.nflxext.com,1757403422,1757863045,0,200,"",http
2025-09-14T15:17:49Z,games.nflxext.com,1757403422,1757863045,0,0,"",
2025-09-14T15:17:49Z,assets.nflxext.com,1757403422,1757863045,0,200,"",http
2025-09-14T15:17:49Z,dnm.nflximg.net,1757403422,1757863045,0,404,"404 Not Found",http
2025-09-14T15:17:49Z,help.nflxext.com,1757403422,1757863045,0,200,"",http
2025-09-14T15:17:50Z,scdn.nflximg.net,1757403422,1757863045,0,404,"",http
2025-09-14T15:19:51Z,one.dualstack.newrelic.com,1757863168,1757863168,3,200,"Log in to New Relic",https
2025-09-14T15:21:29Z,hc-simplyrealroughy-eu.n0c.com,1757863274,1757863274,12,200,"PlanetHoster - Page par défaut",http
2025-09-14T15:21:54Z,dpeotest.time.epam.com,1757863282,1757863282,0,403,"Attention Required! | Cloudflare",http
2025-09-14T15:21:59Z,shopify-slack-bot-staging.shopify.io,1757863288,1757863288,2,404,"The page you were looking for doesn’t exist (404 Not found)",http
2025-09-14T15:23:07Z,vucs-mte.visa.com,1757863384,1757863384,0,403,"403 Forbidden",http
2025-09-14T15:23:25Z,auth-apid.general-prod-a.iad2.k8s.sendgrid.net,1757863384,1757863384,6,0,"",
2025-09-14T15:23:58Z,webapi.contentsquare.com,1757863401,1757863401,0,404,"",https
2025-09-14T15:27:13Z,assets.nflxext.com,1757403422,1757863620,0,200,"",http
2025-09-14T15:27:13Z,games.nflxext.com,1757403422,1757863620,0,0,"",
2025-09-14T15:27:13Z,assets.nflxext.com,1757403422,1757863620,0,200,"",http
2025-09-14T15:27:13Z,dnm.nflximg.net,1757403422,1757863620,0,404,"404 Not Found",http
2025-09-14T15:27:13Z,help.nflxext.com,1757403422,1757863620,0,200,"",http
2025-09-14T15:27:13Z,scdn.nflximg.net,1757403422,1757863620,0,404,"",http
2025-09-14T15:30:34Z,admin.studio.ultimateears.com,1757863829,1757863829,0,404,"Not Found",http
2025-09-14T15:32:53Z,medialab-be.glean.com,1757863940,1757863940,0,200,"Glean",https
2025-09-14T15:34:46Z,eu-direct.peoplecentral.epam.com,1757864057,1757864057,0,403,"",http
2025-09-14T15:36:00Z,aadrhzgg.event.sbb.ch,1757684954,1757864158,2,200,"SBB Markenbotschafter:in",http
2025-09-14T15:36:01Z,www.aadrhzgg.event.sbb.ch,1757684954,1757864158,2,200,"SBB Markenbotschafter:in",http
2025-09-14T15:36:11Z,assets.nflxext.com,1757403422,1757864159,0,200,"",http
2025-09-14T15:36:11Z,games.nflxext.com,1757403422,1757864159,0,0,"",
2025-09-14T15:36:11Z,assets.nflxext.com,1757403422,1757864159,0,200,"",http
2025-09-14T15:36:11Z,dnm.nflximg.net,1757403422,1757864159,0,404,"404 Not Found",http
2025-09-14T15:36:11Z,help.nflxext.com,1757403422,1757864159,0,200,"",http
2025-09-14T15:36:11Z,scdn.nflximg.net,1757403422,1757864159,0,404,"",http
2025-09-14T15:39:55Z,preview.doppler.team,1757864384,1757864384,0,0,"",
2025-09-14T15:39:56Z,doppler.team,1757864384,1757864384,0,200,"Sign in ・ Cloudflare Access",http
2025-09-14T15:43:35Z,icts-t-cloud-leu-5.oob.icts.kuleuven.be,1757496003,1757864599,0,0,"",
2025-09-14T15:43:56Z,handover-backend.bpd.monash.edu,1757858801,1757864604,0,200,"",http
2025-09-14T15:43:57Z,handover.bpd.monash.edu,1757858804,1757864604,0,404,"",http
2025-09-14T15:45:47Z,icts-p-sfw-1.oob.icts.kuleuven.be,1757864721,1757864721,0,0,"",
2025-09-14T15:45:48Z,hc-weeklygrowndoe-eu.n0c.com,1757864721,1757864721,0,200,"PlanetHoster - Page par défaut",http
2025-09-14T15:47:27Z,upright-ams.basecamp.com,1757864828,1757864828,2,404,"",http
2025-09-14T15:49:12Z,us-central1-dev.upload.vimeo.com,1757864935,1757864935,2,404,"",https
2025-09-14T15:49:19Z,simple-climate-model.monash.edu,1757859146,1757864937,0,200,"The Monash University Simple Climate Model",http
2025-09-14T15:49:22Z,singh.sci.monash.edu,1757864937,1757864937,0,200,"Martin Singh",http
2025-09-14T15:50:47Z,hybrid1955.fr.ns.planethoster.net,1757865035,1757865035,0,200,"",http
2025-09-14T15:51:09Z,assets.nflxext.com,1757403422,1757865039,0,200,"",http
2025-09-14T15:51:09Z,games.nflxext.com,1757403422,1757865039,0,0,"",
2025-09-14T15:51:09Z,assets.nflxext.com,1757403422,1757865039,0,200,"",http
2025-09-14T15:51:09Z,dnm.nflximg.net,1757403422,1757865039,0,404,"404 Not Found",http
2025-09-14T15:51:09Z,help.nflxext.com,1757403422,1757865039,0,200,"",http
2025-09-14T15:51:10Z,scdn.nflximg.net,1757403422,1757865039,0,404,"",http
2025-09-14T15:52:58Z,deals.bild.de,1757865143,1757865143,0,200,"Startseite - BILD Deals",http
2025-09-14T15:54:22Z,ddtm22.sites.beta.gouv.fr,1757865252,1757865252,0,200,"Portail unifié de la DDTM22 — Applications de la DDTM 22",http
2025-09-14T15:54:26Z,ddtm22.sites.beta.gouv.fr,1757865252,1757865253,0,200,"Portail unifié de la DDTM22 — Applications de la DDTM 22",http
2025-09-14T15:54:48Z,o11y-prod.oci.infra8.8x8cloud.net,1757859394,1757865258,0,0,"",
2025-09-14T15:56:10Z,stage.treeherder.nonprod.cloudops.mozgcp.net,1757865358,1757865358,2,200,"Treeherder",http
2025-09-14T15:56:11Z,treeherder.allizom.org,1757865358,1757865358,2,200,"Treeherder",http
2025-09-14T15:58:25Z,chostbeta.1.security.care,1757856072,1757865499,0,200,"security.care&nbsp;-&nbsp;This website is for sale!&nbsp;-&nbsp;security Resources and Information.",http
2025-09-14T15:58:30Z,chrysalis-devnet.11.security.care,1757856043,1757865499,0,200,"security.care&nbsp;-&nbsp;This website is for sale!&nbsp;-&nbsp;security Resources and Information.",http
2025-09-14T15:58:51Z,chostbeta.1.security.care,1757856072,1757865503,0,200,"security.care&nbsp;-&nbsp;This website is for sale!&nbsp;-&nbsp;security Resources and Information.",http
2025-09-14T16:00:43Z,status.demarches-simplifiees.fr,1757865617,1757865617,2,200,"https://www.demarches-simplifiees.fr/ status page – updown.io",http
2025-09-14T16:02:33Z,jitsi-dev.atlc-it.twitter.biz,1757865733,1757865733,0,0,"",
2025-09-14T16:02:33Z,jitsi-dev.smfc-it.twitter.biz,1757865733,1757865733,0,0,"",
2025-09-14T16:02:33Z,jitsi.atlc-it.twitter.biz,1757865733,1757865733,0,0,"",
2025-09-14T16:02:33Z,jitsi.smfc-it.twitter.biz,1757865733,1757865733,0,0,"",
2025-09-14T16:02:33Z,jitsi.twitter.biz,1757865733,1757865733,0,0,"",
2025-09-14T16:04:07Z,regression.q.security.care,1757861432,1757865833,0,200,"security.care&nbsp;-&nbsp;This website is for sale!&nbsp;-&nbsp;security Resources and Information.",http
2025-09-14T16:11:20Z,outline.incubateur.net,1757859630,1757866268,4,200,"Outline",http
2025-09-14T16:11:32Z,snapshot.08.security.care,1757866268,1757866268,0,200,"security.care&nbsp;-&nbsp;This website is for sale!&nbsp;-&nbsp;security Resources and Information.",http
2025-09-14T16:12:55Z,assistance.irobot.fr,1757857296,1757866366,0,200,"Rechercher des réponses | iRobot",http
2025-09-14T16:13:15Z,talentdirectory.mozilla.org,1757866376,1757866376,0,200,"Talent Directory",http
2025-09-14T16:15:00Z,assistance.irobot.fr,1757857296,1757866489,0,200,"Rechercher des réponses | iRobot",http
2025-09-14T16:15:18Z,assets.nflxext.com,1757403422,1757866494,0,200,"",http
2025-09-14T16:15:18Z,games.nflxext.com,1757403422,1757866494,0,0,"",
2025-09-14T16:15:18Z,assets.nflxext.com,1757403422,1757866494,0,200,"",http
2025-09-14T16:15:18Z,dnm.nflximg.net,1757403422,1757866494,0,404,"",http
2025-09-14T16:15:18Z,help.nflxext.com,1757403422,1757866494,0,200,"",http
2025-09-14T16:15:19Z,scdn.nflximg.net,1757403422,1757866494,0,404,"",http
2025-09-14T16:19:20Z,akhq.prod.sa-in.apso1.aws.indrive.tech,1757866720,1757866720,0,0,"",
2025-09-14T16:20:38Z,mehdi012.b.security.care,1757866825,1757866825,0,200,"security.care&nbsp;-&nbsp;This website is for sale!&nbsp;-&nbsp;security Resources and Information.",http
2025-09-14T16:21:02Z,privacypolicy-igr.privacypolicy.a6.security.care,1757866842,1757866842,0,200,"security.care&nbsp;-&nbsp;This website is for sale!&nbsp;-&nbsp;security Resources and Information.",http
2025-09-14T16:21:03Z,privacypolicy-igrnet-splunk.4.security.care,1757866843,1757866843,0,200,"security.care&nbsp;-&nbsp;This website is for sale!&nbsp;-&nbsp;security Resources and Information.",http
2025-09-14T16:23:05Z,oa-koromo.dev.linecorp.com,1757866960,1757866960,3,0,"",
2025-09-14T16:26:20Z,shisa-dashboard-dev.linecorp.com,1757867164,1757867164,6,0,"",
2025-09-14T16:26:31Z,shisa-dashboard-dev.linecorp.com,1757867164,1757867169,6,0,"",
2025-09-14T16:26:55Z,sparen.bild.de,1757867174,1757867174,0,200,"Job und Karriere: Aktuelle News und Videos | BILD.de",http
2025-09-14T16:28:43Z,int.sportingbet.com,1757867287,1757867287,0,0,"",
2025-09-14T16:28:43Z,int.sportingbet.com,1757867287,1757867287,0,0,"",
2025-09-14T16:30:16Z,website-pr-1288.gva2-preprod.internal.exoscale.ch,1757867394,1757867394,4,0,"",
2025-09-14T16:30:17Z,website-pr-1288.preprod.internal.exoscale.ch,1757867394,1757867394,4,0,"",
2025-09-14T16:33:32Z,beeline.ynab.com,1757867603,1757867603,3,404,"What you're looking for doesn't exist (404)",http
2025-09-14T16:38:34Z,sstats.telenor.se,1757867909,1757867909,367,200,"",http
2025-09-14T16:40:19Z,gopaylater-merchant-proxy.gopayapi.com,1757868015,1757868015,0,0,"",
2025-09-14T16:41:29Z,smc-api.prod.internal.smc.certinia.com,1757868064,1757868064,0,400,"",http
2025-09-14T16:42:50Z,water-link.be,1757868164,1757868164,2,200,"water-link: integraal waterbedrijf voor drinkwater, riolen en industrie",http
2025-09-14T16:43:03Z,primetime.water-link.be,1757868170,1757868170,2,200,"Inloggen",http
2025-09-14T16:43:25Z,prizmdoc-service.eu-west-1.sandbox.indeed.net,1757868173,1757868173,2,0,"",
2025-09-14T16:43:35Z,prizmdoc-service.sandbox.indeed.net,1757692872,1757868173,2,0,"",
2025-09-14T16:43:36Z,glgo.runway.gitlab.net,1757868173,1757868173,0,404,"",https
2025-09-14T16:43:36Z,click.newsletter.rockstargames.com,1757868194,1757868194,0,403,"403 - Forbidden: Access is denied.",http
2025-09-14T16:43:50Z,click.newsletter.rockstargames.com,1757868194,1757868197,0,403,"403 - Forbidden: Access is denied.",http
2025-09-14T16:45:17Z,sommerfestdz2025.event.sbb.ch,1757681992,1757868296,82,404,"Not Found",http
2025-09-14T16:45:19Z,www.sommerfestdz2025.event.sbb.ch,1757681992,1757868296,82,404,"Not Found",http
2025-09-14T16:45:27Z,map.8x8.com,1757868297,1757868297,2,404,"Not Found",http
2025-09-14T16:45:27Z,map.8x8.com,1757868297,1757868297,2,404,"Not Found",http
2025-09-14T16:47:06Z,developers.health.afterpay.com,1757868404,1757868404,0,200,"Endpoints",http
2025-09-14T16:48:30Z,extmon.skroutz.gr,1757859378,1757868509,0,403,"403 Forbidden",http
2025-09-14T16:48:31Z,betfair.bet.br.drk.ppbdev.com,1757868508,1757868508,0,0,"",
2025-09-14T16:48:31Z,betfair.com.au.drk.ppbdev.com,1757868508,1757868508,0,0,"",
2025-09-14T16:48:31Z,betfair.com.drk.ppbdev.com,1757868508,1757868508,0,403,"Attention Required! | Cloudflare",http
2025-09-14T16:48:32Z,betfair.es.drk.ppbdev.com,1757868508,1757868508,0,403,"Attention Required! | Cloudflare",http
2025-09-14T16:48:32Z,betfair.it.drk.ppbdev.com,1757868508,1757868508,0,403,"Attention Required! | Cloudflare",http
2025-09-14T16:48:32Z,betfair.net.drk.ppbdev.com,1757868508,1757868508,0,0,"",
2025-09-14T16:48:32Z,betfair.ro.drk.ppbdev.com,1757868508,1757868508,0,403,"Attention Required! | Cloudflare",http
2025-09-14T16:48:32Z,cdnppb.net.drk.ppbdev.com,1757868508,1757868508,0,0,"",
2025-09-14T16:48:32Z,dibz.co.uk.drk.ppbdev.com,1757868508,1757868508,0,0,"",
2025-09-14T16:48:32Z,flutterb2b.com.drk.ppbdev.com,1757868508,1757868508,0,0,"",
2025-09-14T16:48:33Z,paddypower.com.drk.ppbdev.com,1757868508,1757868508,0,403,"Attention Required! | Cloudflare",http
2025-09-14T16:48:33Z,betfair.bet.br.drk.ppbdev.com,1757868508,1757868508,0,0,"",
2025-09-14T16:48:33Z,betfair.com.au.drk.ppbdev.com,1757868508,1757868508,0,0,"",
2025-09-14T16:48:33Z,betfair.es.drk.ppbdev.com,1757868508,1757868508,0,403,"Attention Required! | Cloudflare",http
2025-09-14T16:48:33Z,betfair.it.drk.ppbdev.com,1757868508,1757868508,0,403,"Attention Required! | Cloudflare",http
2025-09-14T16:48:33Z,betfair.net.drk.ppbdev.com,1757868508,1757868508,0,0,"",
2025-09-14T16:48:33Z,betfair.ro.drk.ppbdev.com,1757868508,1757868508,0,403,"Attention Required! | Cloudflare",http
2025-09-14T16:48:33Z,dibz.co.uk.drk.ppbdev.com,1757868508,1757868508,0,0,"",
2025-09-14T16:48:34Z,paddypower.com.drk.ppbdev.com,1757868508,1757868508,0,403,"Attention Required! | Cloudflare",http
2025-09-14T16:48:35Z,centro.prod.nube.tech,1757856275,1757868510,0,200,"Authentication - Login portal",http
2025-09-14T16:48:38Z,bildplus-3.bild.de,1757868510,1757868510,0,200,"BILDplus – Das grenzenlose BILD-Erlebnis | BILD.de",http
2025-09-14T16:48:39Z,elvis.bild.de,1757646219,1757868511,0,200,"Elvis Presley : Aktuelle News und Videos | BILD.de",http
2025-09-14T16:48:56Z,rc-cf.sa-in.apso1.aws.indriverapp.com,1757868512,1757868512,0,404,"",https
2025-09-14T16:49:06Z,rc.sa-in.apso1.aws.indriverapp.com,1757868512,1757868512,0,0,"",
2025-09-14T16:54:18Z,enrichment-api-staging.ba.contentsquare.com,1757868836,1757868836,0,0,"",
2025-09-14T16:54:34Z,grillparty.bild.de,1757868840,1757868840,0,404,"Ein Fehler ist aufgetreten | BILD.de",http
2025-09-14T16:56:07Z,devhome.gva2.internal.exoscale.ch,1757868951,1757868951,0,0,"",
2025-09-14T16:56:08Z,devhome.internal.exoscale.ch,1757868951,1757868951,0,0,"",
2025-09-14T16:56:28Z,fuehrungsprinzipien.event.sbb.ch,1757868972,1757868972,0,404,"Not Found",http
2025-09-14T16:56:29Z,www.fuehrungsprinzipien.event.sbb.ch,1757868972,1757868972,0,404,"Not Found",http
2025-09-14T16:56:37Z,nick-aws-test-12.dev.cloud.mattermost.com,1757868974,1757868974,0,530,"",http
2025-09-14T17:01:58Z,api.eu-west-1.factory.sophos.com,1757318449,1757869315,6,200,"",http
2025-09-14T17:03:56Z,eu-direct.peoplecentral.epam.com,1757864057,1757869433,0,403,"",http
2025-09-14T17:04:39Z,dpeotest.time.epam.com,1757863282,1757869447,0,403,"Attention Required! | Cloudflare",http
2025-09-14T17:06:29Z,privacypolicy-igrnet-splunk.4.security.care,1757866843,1757869562,0,200,"security.care&nbsp;-&nbsp;This website is for sale!&nbsp;-&nbsp;security Resources and Information.",http
2025-09-14T17:06:44Z,identity.withspotify.com,1757869570,1757869570,0,200,"",http
2025-09-14T17:08:17Z,assets.nflxext.com,1757403422,1757869683,0,200,"",http
2025-09-14T17:08:18Z,games.nflxext.com,1757403422,1757869683,0,0,"",
2025-09-14T17:08:18Z,assets.nflxext.com,1757403422,1757869683,0,200,"",http
2025-09-14T17:08:18Z,dnm.nflximg.net,1757403422,1757869683,0,404,"404 Not Found",http
2025-09-14T17:08:18Z,help.nflxext.com,1757403422,1757869683,0,200,"",http
2025-09-14T17:08:18Z,scdn.nflximg.net,1757403422,1757869683,0,404,"",http
2025-09-14T17:08:43Z,view.e.arlo.com,1757869691,1757869691,0,200,"Error",http
2025-09-14T17:10:18Z,fcsp.bild.de,1757669860,1757869803,0,200,"FC St. Pauli: Aktuelle News, Transfergerüchte &amp; mehr | BILD.de",http
2025-09-14T17:12:24Z,vucs-mte.visa.com,1757863384,1757869915,0,403,"403 Forbidden",http
2025-09-14T17:12:25Z,vucs-mte.visa.com,1757863384,1757869917,0,403,"403 Forbidden",http
2025-09-14T17:12:25Z,view.e.arlo.com,1757869691,1757869918,0,200,"Error",http
2025-09-14T17:12:29Z,assets.nflxext.com,1757403422,1757869914,0,200,"",http
2025-09-14T17:12:29Z,games.nflxext.com,1757403422,1757869914,0,0,"",
2025-09-14T17:12:29Z,assets.nflxext.com,1757403422,1757869914,0,200,"",http
2025-09-14T17:12:29Z,dnm.nflximg.net,1757403422,1757869914,0,404,"404 Not Found",http
2025-09-14T17:12:29Z,help.nflxext.com,1757403422,1757869914,0,200,"",http
2025-09-14T17:12:29Z,scdn.nflximg.net,1757403422,1757869914,0,404,"",http
2025-09-14T17:14:00Z,stage.epam.com,1757860737,1757870021,0,0,"",
2025-09-14T17:14:01Z,ztna.stage.epam.com,1757860737,1757870021,0,403,"Attention Required! | Cloudflare",http
2025-09-14T17:16:12Z,pers.uzleuven.be,1757687086,1757870137,2,200,"UZ Leuven",http
2025-09-14T17:19:18Z,stg.vn.harmankardon.com,1757870341,1757870341,12,401,"401 - Authorization Required.",http
2025-09-14T17:21:17Z,klassikmarkt.autobild.de,1757870464,1757870464,0,200,"Gebrauchtwagen und Jahreswagen: Top-Angebote finden - AUTO BILD",http
2025-09-14T17:25:12Z,proseco.dev.level.tacocat.bi.otto.de,1757870694,1757870694,0,403,"403",https
2025-09-14T17:25:27Z,shisa-dashboard-dev.linecorp.com,1757867164,1757870692,6,0,"",
2025-09-14T17:30:56Z,extern.sso.pt.xiaomi.com,1757871019,1757871019,0,200,"内网统一认证 (Central Authentication Service)",http
2025-09-14T17:40:10Z,vimeo.com,1757871595,1757871595,0,200,"Vimeo AI-Powered Video Platform",http
2025-09-14T17:40:10Z,vimeo.com,1757871595,1757871595,0,200,"Vimeo AI-Powered Video Platform",http
2025-09-14T17:40:11Z,qa6ohrjc76zequs4.11.security.care,1757871594,1757871594,0,200,"security.care&nbsp;-&nbsp;This website is for sale!&nbsp;-&nbsp;security Resources and Information.",http
2025-09-14T17:41:50Z,platform-frontend-gocd.tooling.internal.travix.io,1757871696,1757871696,0,0,"",
2025-09-14T17:41:50Z,platform-frontend-gocd.travix.com,1757871696,1757871696,0,520,"",http
2025-09-14T17:41:51Z,engineering.uber.com,1757871697,1757871697,4,404,"",http
2025-09-14T17:42:14Z,engineering.uber.com,1757871697,1757871713,4,404,"",http
2025-09-14T17:42:23Z,website-beta.mozilla.org,1757871715,1757871715,0,200,"Internet for people, not profit — Mozilla Global",http
2025-09-14T17:45:52Z,monitoring.omni.clickstream.bi.otto.de,1757858802,1757871933,0,200,"Grafana",https
2025-09-14T17:50:17Z,18tage.bild.de,1757860842,1757872199,0,404,"404 Seite nicht gefunden",http
2025-09-14T17:50:27Z,fcm.bild.de,1757872206,1757872206,0,200,"1. FC Magdeburg: Aktuelle News, Transfergerüchte &amp; mehr | BILD.de",http
2025-09-14T17:52:39Z,click.coinhako.com,1757872334,1757872334,4,200,"Rebrandly",http
2025-09-14T17:52:50Z,sge.bild.de,1757628417,1757872336,0,200,"Eintracht Frankfurt: Aktuelle News, Transfergerüchte &amp; mehr | BILD.de",http
2025-09-14T18:02:16Z,se.varonis.com,1757872915,1757872915,0,200,"",http
2025-09-14T18:02:40Z,smash-online.bild.de,1757796330,1757872928,0,200,"Natur-Ereignisse: Aktuelle News und Videos | BILD.de",http
2025-09-14T18:04:07Z,meldlfi.sbb.ch,1757862574,1757873033,0,200,"&#65279;",http
2025-09-14T18:07:32Z,minio-api.factory-prod.cnam-mesdmp.monespacesante.fr,1757873252,1757873252,0,0,"",
2025-09-14T18:07:32Z,minio-console.factory-prod.cnam-mesdmp.monespacesante.fr,1757873252,1757873252,0,0,"",
2025-09-14T18:08:19Z,grafana.prod.sa-in.apso1.aws.indrive.tech,1757873270,1757873270,0,0,"",
