2025-09-07T23:45:46Z,highlightsupport.zendesk.com,0,200,"Highlight",http
2025-09-07T23:45:51Z,bequesthelp1741959517.zendesk.com,0,200,"Treinamentos",http
2025-09-07T23:46:02Z,wholesalegaragedoors.zendesk.com,0,200,"Wholesale Garage Doors",http
2025-09-07T23:46:02Z,z3n-sell-mrhandy-d884d0ed9a.zendesk.com,0,200,"z3n-sell-non-1668864647-production",http
2025-09-07T23:46:04Z,williamadamsptyltd.zendesk.com,0,200,"William Adams Pty Ltd",http
2025-09-07T23:46:06Z,williamadamsptyltd.zendesk.com,0,200,"William Adams Pty Ltd",http
2025-09-07T23:46:08Z,timt1752174626.zendesk.com,0,200,"Enplug Sandbox",http
2025-09-07T23:46:10Z,editickets.zendesk.com,0,200,"Hancocks Cash and Carry",http
2025-09-07T23:46:10Z,kyzz-percuman.zendesk.com,0,200,"Se connecter à kyzz-percuman",http
2025-09-07T23:46:11Z,tubsd1fc3ac31cb171bf13cdee38cc6149dd25.zendesk.com,0,403,"Just a moment...",http
2025-09-07T23:46:12Z,z3n-biamp-demo1741993196.zendesk.com,0,200,"Test",http
2025-09-07T23:46:16Z,itrexgroup.zendesk.com,0,200,"ITREX GROUP",http
2025-09-07T23:46:16Z,meldaproduction.zendesk.com,0,403,"Just a moment...",http
2025-09-07T23:46:17Z,xola1711383262.zendesk.com,0,200,"Sandbox Mar 24",http
2025-09-07T23:46:18Z,vyjewel.zendesk.com,0,200,"Vyjewel",http
2025-09-07T23:46:19Z,pixpic-br.zendesk.com,0,200,"Wondershare",http
2025-09-07T23:46:19Z,tubsd142586a93b2308aef3e1d48e068effd97.zendesk.com,0,403,"Just a moment...",http
2025-09-07T23:46:27Z,gamersoutlet.zendesk.com,0,403,"Just a moment...",http
2025-09-07T23:46:27Z,toppan-rv.zendesk.com,0,403,"Just a moment...",http
2025-09-07T23:46:34Z,z3nab578ef8695ffb24b87486ae884b0f455e3a4e21757268514.zendesk.com,0,200,"Trial Sandbox created via ZBT",http
2025-09-07T23:46:35Z,z3nabccad5159cc02acba4410a092e09ba6932d03c1757286254.zendesk.com,0,403,"Just a moment...",http
2025-09-07T23:46:36Z,scqlearning.zendesk.com,0,200,"Med Tech",http
